Microsoft (R) Macro Assembler Version 5.10                  2/17/19 15:27:50
                                                             Page     1-1


 0000				SSTACK	SEGMENT PARA STACK  'STACK'
 0000  0040[					DB   64 DUP('STACK____')
	   53 54 41 43 4B	
	   5F 5F 5F 5F		
			 ]	
				
 0240				SSTACK  ENDS
				
 0000				DSEG	SEGMENT  PARA PUBLIC 'DATA'
 0000  41			     CA        DB      'A'
 0001  36 35			     KA        DB      '65'
 0003  73 79 6D 62 6F 6C	     TXT       DB      'symbol "'
       20 22			
 000B  00			     C$        DB      ?
 000C  22 20 68 61 73 20	               DB      '" has code '
       63 6F 64 65 20		
 0017  00			    KCH1       DB      ?
 0018  00			    KCH2       DB      ?
 0019  0A 0D 24			               DB      10,13,'$'
 001C  57 4F 52 4B 20 42	    MSG0       DB      'WORK BEGIN',13,10,'$'
       45 47 49 4E 0D 0A	
       24			
 0029  45 4E 44 20 4F 46	    MSG1       DB      'END OF WORK',13,10,'$'
       20 57 4F 52 4B 0D	
       0A 24			
 0037				DSEG	ENDS
				
				SUBTTL         MAIN PROGRAM
Microsoft (R) Macro Assembler Version 5.10                  2/17/19 15:27:50
                                                             Page     1-2
MAIN PROGRAM                                                

				PAGE
 0000				     CSEG      SEGMENT PARA PUBLIC 'CODE'
				               ASSUME CS:CSEG,DS:DSEG,SS:SSTACK
				
 0000				     BEGIN     PROC FAR
				
 0000  1E			               PUSH  DS ; LOAD IN STACK PARAGRA
				PH'S NUMBER OF RETURN ADDRESS
 0001  B8 0000			               MOV  AX,0
 0004  50			               PUSH  AX
				
				     ; LOAD DATA SEGMENT ADDRESS: DS
 0005  B8 ---- R		     M1:       MOV  AX,DSEG
 0008  8E D8			               MOV  DS,AX
				
				     ; TEXT OUTPUT "WORK BEGIN"
 000A  B4 09			     M2:       MOV  AH,9
 000C  BA 001C R		               MOV  DX,OFFSET MSG0
 000F  CD 21			               INT  21H
				
				     ; STRING OUTPUT "SYMBOL 'A' HAS CODE 65"
 0011  A0 0000 R		     MA:       MOV  AL,CA
 0014  A2 000B R		               MOV  C$,AL
 0017  A1 0001 R		                  MOV  AX,WORD PTR KA
 001A  A3 0017 R		                  MOV  WORD PTR KCH1,AX
 001D  B4 09			               MOV  AH,9
 001F  BA 0003 R		               MOV DX,OFFSET TXT
 0022  CD 21			               INT  21H
				
				     ; STRING "SYMBOL 'B' HAS CODE 66"
 0024  FE 06 000B R		     MB:       INC  C$
 0028  FE 06 0018 R		               INC  KCH1+1
 002C  CD 21			               INT  21H
				
				     ; STRING OUTPUT "SYMBOL 'C' HAS CODE 67"
 002E  FE 06 000B R		     MC:       INC  C$
 0032  FE 06 0018 R		               INC  KCH1+1
 0036  CD 21			               INT  21H
				
				     ; STRING OUTPUT "END OF WORK"
 0038  B4 09			     M3:       MOV  AH,9
 003A  BA 0029 R		               MOV  DX,OFFSET MSG1
 003D  CD 21			               INT  21H
				
				     ; RETURN TO MS DOS (DEBUGGER)
 003F  CB			               RET
 0040				BEGIN     ENDP
 0040				CSEG      ENDS
				END  BEGIN
Microsoft (R) Macro Assembler Version 5.10                  2/17/19 15:27:50
                                                             Symbols-1


Segments and Groups:

                N a m e         	Length	 Align	Combine Class

CSEG . . . . . . . . . . . . . .  	0040	PARA	PUBLIC	'CODE'
DSEG . . . . . . . . . . . . . .  	0037	PARA	PUBLIC	'DATA'
SSTACK . . . . . . . . . . . . .  	0240	PARA	STACK	'STACK'

Symbols:            

                N a m e         	Type	 Value	 Attr

BEGIN  . . . . . . . . . . . . .  	F PROC	0000	CSEG	Length = 0040

C$ . . . . . . . . . . . . . . .  	L BYTE	000B	DSEG
CA . . . . . . . . . . . . . . .  	L BYTE	0000	DSEG

KA . . . . . . . . . . . . . . .  	L BYTE	0001	DSEG
KCH1 . . . . . . . . . . . . . .  	L BYTE	0017	DSEG
KCH2 . . . . . . . . . . . . . .  	L BYTE	0018	DSEG

M1 . . . . . . . . . . . . . . .  	L NEAR	0005	CSEG
M2 . . . . . . . . . . . . . . .  	L NEAR	000A	CSEG
M3 . . . . . . . . . . . . . . .  	L NEAR	0038	CSEG
MA . . . . . . . . . . . . . . .  	L NEAR	0011	CSEG
MB . . . . . . . . . . . . . . .  	L NEAR	0024	CSEG
MC . . . . . . . . . . . . . . .  	L NEAR	002E	CSEG
MSG0 . . . . . . . . . . . . . .  	L BYTE	001C	DSEG
MSG1 . . . . . . . . . . . . . .  	L BYTE	0029	DSEG

TXT  . . . . . . . . . . . . . .  	L BYTE	0003	DSEG

@CPU . . . . . . . . . . . . . .  	TEXT  0101h		
@FILENAME  . . . . . . . . . . .  	TEXT  MAIN		
@VERSION . . . . . . . . . . . .  	TEXT  510		


     66 Source  Lines
     66 Total   Lines
     30 Symbols

  47158 + 442855 Bytes symbol space free

      0 Warning Errors
      0 Severe  Errors
